[0.008s] Invoking command in '/home/dy/ros2_ws/build/my_package': CMAKE_PREFIX_PATH=/opt/ros/humble /usr/bin/cmake /home/dy/ros2_ws/src/my_package -DCMAKE_INSTALL_PREFIX=/home/dy/ros2_ws/install/my_package
[0.094s] -- The C compiler identification is GNU 11.4.0
[0.164s] -- The CXX compiler identification is GNU 11.4.0
[0.171s] -- Detecting C compiler ABI info
[0.229s] -- Detecting C compiler ABI info - done
[0.236s] -- Check for working C compiler: /usr/bin/cc - skipped
[0.237s] -- Detecting C compile features
[0.238s] -- Detecting C compile features - done
[0.241s] -- Detecting CXX compiler ABI info
[0.305s] -- Detecting CXX compiler ABI info - done
[0.313s] -- Check for working CXX compiler: /usr/bin/c++ - skipped
[0.314s] -- Detecting CXX compile features
[0.314s] -- Detecting CXX compile features - done
[0.317s] -- Found ament_cmake: 1.3.10 (/opt/ros/humble/share/ament_cmake/cmake)
[0.427s] -- Found Python3: /usr/bin/python3 (found version "3.10.12") found components: Interpreter 
[0.487s] -- Found ament_lint_auto: 0.12.11 (/opt/ros/humble/share/ament_lint_auto/cmake)
[0.546s] -- Added test 'cppcheck' to perform static code analysis on C / C++ code
[0.547s] -- Configured cppcheck include dirs: $<BUILD_INTERFACE:/home/dy/ros2_ws/src/my_package/include>
[0.547s] -- Configured cppcheck exclude dirs and/or files: 
[0.547s] -- Added test 'lint_cmake' to check CMake code style
[0.548s] -- Added test 'uncrustify' to check C / C++ code style
[0.548s] -- Configured uncrustify additional arguments: 
[0.548s] -- Added test 'xmllint' to check XML markup files
[0.549s] -- Configuring done
[0.551s] -- Generating done
[0.551s] -- Build files have been written to: /home/dy/ros2_ws/build/my_package
[0.555s] Invoked command in '/home/dy/ros2_ws/build/my_package' returned '0': CMAKE_PREFIX_PATH=/opt/ros/humble /usr/bin/cmake /home/dy/ros2_ws/src/my_package -DCMAKE_INSTALL_PREFIX=/home/dy/ros2_ws/install/my_package
[0.555s] Invoking command in '/home/dy/ros2_ws/build/my_package': CMAKE_PREFIX_PATH=/opt/ros/humble /usr/bin/cmake --build /home/dy/ros2_ws/build/my_package -- -j16 -l16
[0.596s] [ 50%] [32mBuilding CXX object CMakeFiles/my_node.dir/src/my_node.cpp.o[0m
[0.627s] [100%] [32m[1mLinking CXX executable my_node[0m
[0.660s] [100%] Built target my_node
[0.668s] Invoked command in '/home/dy/ros2_ws/build/my_package' returned '0': CMAKE_PREFIX_PATH=/opt/ros/humble /usr/bin/cmake --build /home/dy/ros2_ws/build/my_package -- -j16 -l16
[0.695s] Invoking command in '/home/dy/ros2_ws/build/my_package': CMAKE_PREFIX_PATH=/opt/ros/humble /usr/bin/cmake --install /home/dy/ros2_ws/build/my_package
[0.701s] -- Install configuration: ""
[0.701s] -- Installing: /home/dy/ros2_ws/install/my_package/lib/my_package/my_node
[0.701s] -- Installing: /home/dy/ros2_ws/install/my_package/share/ament_index/resource_index/package_run_dependencies/my_package
[0.702s] -- Installing: /home/dy/ros2_ws/install/my_package/share/ament_index/resource_index/parent_prefix_path/my_package
[0.702s] -- Installing: /home/dy/ros2_ws/install/my_package/share/my_package/environment/ament_prefix_path.sh
[0.702s] -- Installing: /home/dy/ros2_ws/install/my_package/share/my_package/environment/ament_prefix_path.dsv
[0.702s] -- Installing: /home/dy/ros2_ws/install/my_package/share/my_package/environment/path.sh
[0.702s] -- Installing: /home/dy/ros2_ws/install/my_package/share/my_package/environment/path.dsv
[0.702s] -- Installing: /home/dy/ros2_ws/install/my_package/share/my_package/local_setup.bash
[0.702s] -- Installing: /home/dy/ros2_ws/install/my_package/share/my_package/local_setup.sh
[0.702s] -- Installing: /home/dy/ros2_ws/install/my_package/share/my_package/local_setup.zsh
[0.702s] -- Installing: /home/dy/ros2_ws/install/my_package/share/my_package/local_setup.dsv
[0.702s] -- Installing: /home/dy/ros2_ws/install/my_package/share/my_package/package.dsv
[0.702s] -- Installing: /home/dy/ros2_ws/install/my_package/share/ament_index/resource_index/packages/my_package
[0.702s] -- Installing: /home/dy/ros2_ws/install/my_package/share/my_package/cmake/my_packageConfig.cmake
[0.702s] -- Installing: /home/dy/ros2_ws/install/my_package/share/my_package/cmake/my_packageConfig-version.cmake
[0.702s] -- Installing: /home/dy/ros2_ws/install/my_package/share/my_package/package.xml
[0.704s] Invoked command in '/home/dy/ros2_ws/build/my_package' returned '0': CMAKE_PREFIX_PATH=/opt/ros/humble /usr/bin/cmake --install /home/dy/ros2_ws/build/my_package
