[0.007s] Invoking command in '/home/dy/ros2_ws/build/my_package': CMAKE_PREFIX_PATH=${CMAKE_PREFIX_PATH}:/opt/ros/humble /usr/bin/cmake --build /home/dy/ros2_ws/build/my_package -- -j16 -l16
[0.040s] [35m[1mConsolidate compiler generated dependencies of target my_node[0m
[0.053s] [ 50%] [32mBuilding CXX object CMakeFiles/my_node.dir/src/my_node.cpp.o[0m
[2.954s] [100%] [32m[1mLinking CXX executable my_node[0m
[3.110s] [100%] Built target my_node
[3.118s] Invoked command in '/home/dy/ros2_ws/build/my_package' returned '0': CMAKE_PREFIX_PATH=${CMAKE_PREFIX_PATH}:/opt/ros/humble /usr/bin/cmake --build /home/dy/ros2_ws/build/my_package -- -j16 -l16
[3.144s] Invoking command in '/home/dy/ros2_ws/build/my_package': CMAKE_PREFIX_PATH=${CMAKE_PREFIX_PATH}:/opt/ros/humble /usr/bin/cmake --install /home/dy/ros2_ws/build/my_package
[3.150s] -- Install configuration: ""
[3.150s] -- Installing: /home/dy/ros2_ws/install/my_package/lib/my_package/my_node
[3.151s] -- Set runtime path of "/home/dy/ros2_ws/install/my_package/lib/my_package/my_node" to ""
[3.152s] -- Up-to-date: /home/dy/ros2_ws/install/my_package/share/ament_index/resource_index/package_run_dependencies/my_package
[3.152s] -- Up-to-date: /home/dy/ros2_ws/install/my_package/share/ament_index/resource_index/parent_prefix_path/my_package
[3.152s] -- Up-to-date: /home/dy/ros2_ws/install/my_package/share/my_package/environment/ament_prefix_path.sh
[3.152s] -- Up-to-date: /home/dy/ros2_ws/install/my_package/share/my_package/environment/ament_prefix_path.dsv
[3.152s] -- Up-to-date: /home/dy/ros2_ws/install/my_package/share/my_package/environment/path.sh
[3.152s] -- Up-to-date: /home/dy/ros2_ws/install/my_package/share/my_package/environment/path.dsv
[3.152s] -- Up-to-date: /home/dy/ros2_ws/install/my_package/share/my_package/local_setup.bash
[3.152s] -- Up-to-date: /home/dy/ros2_ws/install/my_package/share/my_package/local_setup.sh
[3.152s] -- Up-to-date: /home/dy/ros2_ws/install/my_package/share/my_package/local_setup.zsh
[3.152s] -- Up-to-date: /home/dy/ros2_ws/install/my_package/share/my_package/local_setup.dsv
[3.152s] -- Installing: /home/dy/ros2_ws/install/my_package/share/my_package/package.dsv
[3.152s] -- Up-to-date: /home/dy/ros2_ws/install/my_package/share/ament_index/resource_index/packages/my_package
[3.152s] -- Up-to-date: /home/dy/ros2_ws/install/my_package/share/my_package/cmake/my_packageConfig.cmake
[3.152s] -- Up-to-date: /home/dy/ros2_ws/install/my_package/share/my_package/cmake/my_packageConfig-version.cmake
[3.152s] -- Up-to-date: /home/dy/ros2_ws/install/my_package/share/my_package/package.xml
[3.153s] Invoked command in '/home/dy/ros2_ws/build/my_package' returned '0': CMAKE_PREFIX_PATH=${CMAKE_PREFIX_PATH}:/opt/ros/humble /usr/bin/cmake --install /home/dy/ros2_ws/build/my_package
